2021/12/20 01:28:47 [notice] 1#1: signal 15 (SIGTERM) received, exiting
2021/12/20 01:28:47 [notice] 36#36: signal 15 (SIGTERM) received, exiting
2021/12/20 01:28:47 [notice] 36#36: exiting
2021/12/20 01:28:47 [notice] 33#33: signal 15 (SIGTERM) received, exiting
2021/12/20 01:28:47 [notice] 33#33: exiting
2021/12/20 01:28:47 [notice] 34#34: signal 15 (SIGTERM) received, exiting
2021/12/27 09:22:12 [notice] 1#1: using the "epoll" event method
2021/12/27 09:22:12 [notice] 1#1: nginx/1.21.3
2021/12/27 09:22:12 [notice] 1#1: built by gcc 8.3.0 (Debian 8.3.0-6) 
2021/12/27 09:22:12 [notice] 1#1: OS: Linux 5.10.47-linuxkit
2021/12/27 09:22:12 [notice] 1#1: getrlimit(RLIMIT_NOFILE): 1048576:1048576
2021/12/27 09:22:12 [notice] 1#1: start worker processes
2021/12/27 09:22:12 [notice] 1#1: start worker process 24
2021/12/27 09:22:12 [notice] 1#1: start worker process 25
2021/12/27 09:22:12 [notice] 1#1: start worker process 26
2021/12/27 09:22:12 [notice] 1#1: start worker process 27
2021/12/27 09:41:15 [notice] 1#1: signal 3 (SIGQUIT) received, shutting down
2021/12/27 09:41:15 [notice] 24#24: gracefully shutting down
2021/12/27 09:41:15 [notice] 25#25: gracefully shutting down
2021/12/27 09:41:15 [notice] 27#27: gracefully shutting down
2021/12/27 09:41:15 [notice] 26#26: gracefully shutting down
2021/12/27 09:41:15 [notice] 24#24: exiting
2021/12/27 09:41:15 [notice] 25#25: exiting
2021/12/27 09:41:15 [notice] 27#27: exiting
2021/12/27 09:41:15 [notice] 26#26: exiting
2021/12/27 09:41:15 [notice] 24#24: exit
2021/12/27 09:41:15 [notice] 25#25: exit
2021/12/27 09:41:15 [notice] 27#27: exit
2021/12/27 09:41:15 [notice] 26#26: exit
2021/12/27 09:41:15 [notice] 1#1: signal 17 (SIGCHLD) received from 24
2021/12/27 09:41:15 [notice] 1#1: worker process 24 exited with code 0
2021/12/27 09:41:15 [notice] 1#1: signal 29 (SIGIO) received
2021/12/27 09:41:15 [notice] 1#1: signal 17 (SIGCHLD) received from 25
2021/12/27 09:41:15 [notice] 1#1: worker process 25 exited with code 0
2021/12/27 09:41:15 [notice] 1#1: signal 29 (SIGIO) received
2021/12/27 09:41:15 [notice] 1#1: signal 17 (SIGCHLD) received from 26
2021/12/27 09:41:15 [notice] 1#1: worker process 26 exited with code 0
2021/12/27 09:41:15 [notice] 1#1: worker process 27 exited with code 0
2021/12/27 09:41:15 [notice] 1#1: exit
2021/12/27 09:48:13 [notice] 1#1: using the "epoll" event method
2021/12/27 09:48:13 [notice] 1#1: nginx/1.21.3
2021/12/27 09:48:13 [notice] 1#1: built by gcc 8.3.0 (Debian 8.3.0-6) 
2021/12/27 09:48:13 [notice] 1#1: OS: Linux 5.10.47-linuxkit
2021/12/27 09:48:13 [notice] 1#1: getrlimit(RLIMIT_NOFILE): 1048576:1048576
2021/12/27 09:48:13 [notice] 1#1: start worker processes
2021/12/27 09:48:13 [notice] 1#1: start worker process 32
2021/12/27 09:48:13 [notice] 1#1: start worker process 33
2021/12/27 09:48:13 [notice] 1#1: start worker process 34
2021/12/27 09:48:13 [notice] 1#1: start worker process 35
2021/12/27 09:48:19 [notice] 1#1: signal 3 (SIGQUIT) received, shutting down
2021/12/27 09:48:19 [notice] 32#32: gracefully shutting down
2021/12/27 09:48:19 [notice] 32#32: exiting
2021/12/27 09:48:19 [notice] 35#35: gracefully shutting down
2021/12/27 09:48:19 [notice] 34#34: gracefully shutting down
2021/12/27 09:48:19 [notice] 33#33: gracefully shutting down
2021/12/27 09:48:19 [notice] 32#32: exit
2021/12/27 09:48:19 [notice] 35#35: exiting
2021/12/27 09:48:19 [notice] 34#34: exiting
2021/12/27 09:48:19 [notice] 33#33: exiting
2021/12/27 09:48:19 [notice] 35#35: exit
2021/12/27 09:48:19 [notice] 34#34: exit
2021/12/27 09:48:19 [notice] 33#33: exit
2021/12/27 09:48:19 [notice] 1#1: signal 17 (SIGCHLD) received from 32
2021/12/27 09:48:19 [notice] 1#1: worker process 32 exited with code 0
2021/12/27 09:48:19 [notice] 1#1: signal 29 (SIGIO) received
2021/12/27 09:48:19 [notice] 1#1: signal 17 (SIGCHLD) received from 35
2021/12/27 09:48:19 [notice] 1#1: worker process 35 exited with code 0
2021/12/27 09:48:19 [notice] 1#1: signal 17 (SIGCHLD) received from 34
2021/12/27 09:48:19 [notice] 1#1: worker process 33 exited with code 0
2021/12/27 09:48:19 [notice] 1#1: worker process 34 exited with code 0
2021/12/27 09:48:19 [notice] 1#1: exit
2021/12/27 09:48:57 [notice] 1#1: using the "epoll" event method
2021/12/27 09:48:57 [notice] 1#1: nginx/1.21.3
2021/12/27 09:48:57 [notice] 1#1: built by gcc 8.3.0 (Debian 8.3.0-6) 
2021/12/27 09:48:57 [notice] 1#1: OS: Linux 5.10.47-linuxkit
2021/12/27 09:48:57 [notice] 1#1: getrlimit(RLIMIT_NOFILE): 1048576:1048576
2021/12/27 09:48:57 [notice] 1#1: start worker processes
2021/12/27 09:48:57 [notice] 1#1: start worker process 33
2021/12/27 09:48:57 [notice] 1#1: start worker process 34
2021/12/27 09:48:57 [notice] 1#1: start worker process 35
2021/12/27 09:48:57 [notice] 1#1: start worker process 36
2021/12/27 10:29:39 [notice] 1#1: signal 3 (SIGQUIT) received, shutting down
2021/12/27 10:29:39 [notice] 33#33: gracefully shutting down
2021/12/27 10:29:39 [notice] 35#35: gracefully shutting down
2021/12/27 10:29:39 [notice] 34#34: gracefully shutting down
2021/12/27 10:29:39 [notice] 34#34: exiting
2021/12/27 10:29:39 [notice] 36#36: gracefully shutting down
2021/12/27 10:29:39 [notice] 33#33: exiting
2021/12/27 10:29:39 [notice] 35#35: exiting
2021/12/27 10:29:39 [notice] 34#34: exit
2021/12/27 10:29:39 [notice] 36#36: exiting
2021/12/27 10:29:39 [notice] 33#33: exit
2021/12/27 10:29:39 [notice] 35#35: exit
2021/12/27 10:29:39 [notice] 36#36: exit
2021/12/27 10:29:39 [notice] 1#1: signal 17 (SIGCHLD) received from 34
2021/12/27 10:29:39 [notice] 1#1: worker process 34 exited with code 0
2021/12/27 10:29:39 [notice] 1#1: signal 29 (SIGIO) received
2021/12/27 10:29:39 [notice] 1#1: signal 17 (SIGCHLD) received from 35
2021/12/27 10:29:39 [notice] 1#1: worker process 35 exited with code 0
2021/12/27 10:29:39 [notice] 1#1: worker process 33 exited with code 0
2021/12/27 10:29:39 [notice] 1#1: worker process 36 exited with code 0
2021/12/27 10:29:39 [notice] 1#1: exit
2021/12/27 10:30:12 [notice] 1#1: using the "epoll" event method
2021/12/27 10:30:12 [notice] 1#1: nginx/1.21.3
2021/12/27 10:30:12 [notice] 1#1: built by gcc 8.3.0 (Debian 8.3.0-6) 
2021/12/27 10:30:12 [notice] 1#1: OS: Linux 5.10.47-linuxkit
2021/12/27 10:30:12 [notice] 1#1: getrlimit(RLIMIT_NOFILE): 1048576:1048576
2021/12/27 10:30:12 [notice] 1#1: start worker processes
2021/12/27 10:30:12 [notice] 1#1: start worker process 32
2021/12/27 10:30:12 [notice] 1#1: start worker process 33
2021/12/27 10:30:12 [notice] 1#1: start worker process 34
2021/12/27 10:30:12 [notice] 1#1: start worker process 35
2021/12/28 03:11:09 [notice] 1#1: signal 3 (SIGQUIT) received, shutting down
2021/12/28 03:11:09 [notice] 32#32: gracefully shutting down
2021/12/28 03:11:09 [notice] 32#32: exiting
2021/12/28 03:11:09 [notice] 33#33: gracefully shutting down
2021/12/28 03:11:09 [notice] 33#33: exiting
2021/12/28 03:11:09 [notice] 34#34: gracefully shutting down
2021/12/28 03:11:09 [notice] 34#34: exiting
2021/12/28 03:11:09 [notice] 35#35: gracefully shutting down
2021/12/28 03:11:09 [notice] 32#32: exit
2021/12/28 03:11:09 [notice] 33#33: exit
2021/12/28 03:11:09 [notice] 34#34: exit
2021/12/28 03:11:09 [notice] 35#35: exiting
2021/12/28 03:11:09 [notice] 35#35: exit
2021/12/28 03:11:09 [notice] 1#1: signal 17 (SIGCHLD) received from 32
2021/12/28 03:11:09 [notice] 1#1: worker process 32 exited with code 0
2021/12/28 03:11:09 [notice] 1#1: worker process 33 exited with code 0
2021/12/28 03:11:09 [notice] 1#1: signal 29 (SIGIO) received
2021/12/28 03:11:09 [notice] 1#1: signal 17 (SIGCHLD) received from 34
2021/12/28 03:11:09 [notice] 1#1: worker process 34 exited with code 0
2021/12/28 03:11:09 [notice] 1#1: signal 29 (SIGIO) received
2021/12/28 03:11:09 [notice] 1#1: signal 17 (SIGCHLD) received from 35
2021/12/28 03:11:09 [notice] 1#1: worker process 35 exited with code 0
2021/12/28 03:11:09 [notice] 1#1: exit
2021/12/28 03:11:10 [notice] 1#1: using the "epoll" event method
2021/12/28 03:11:10 [notice] 1#1: nginx/1.21.3
2021/12/28 03:11:10 [notice] 1#1: built by gcc 8.3.0 (Debian 8.3.0-6) 
2021/12/28 03:11:10 [notice] 1#1: OS: Linux 5.10.47-linuxkit
2021/12/28 03:11:10 [notice] 1#1: getrlimit(RLIMIT_NOFILE): 1048576:1048576
2021/12/28 03:11:10 [notice] 1#1: start worker processes
2021/12/28 03:11:10 [notice] 1#1: start worker process 25
2021/12/28 03:11:10 [notice] 1#1: start worker process 26
2021/12/28 03:11:10 [notice] 1#1: start worker process 27
2021/12/28 03:11:10 [notice] 1#1: start worker process 28
2021/12/28 03:11:37 [notice] 1#1: signal 3 (SIGQUIT) received, shutting down
2021/12/28 03:11:37 [notice] 25#25: gracefully shutting down
2021/12/28 03:11:37 [notice] 26#26: gracefully shutting down
2021/12/28 03:11:37 [notice] 28#28: gracefully shutting down
2021/12/28 03:11:37 [notice] 28#28: exiting
2021/12/28 03:11:37 [notice] 27#27: gracefully shutting down
2021/12/28 03:11:37 [notice] 25#25: exiting
2021/12/28 03:11:37 [notice] 26#26: exiting
2021/12/28 03:11:37 [notice] 28#28: exit
2021/12/28 03:11:37 [notice] 27#27: exiting
2021/12/28 03:11:37 [notice] 25#25: exit
2021/12/28 03:11:37 [notice] 26#26: exit
2021/12/28 03:11:37 [notice] 27#27: exit
2021/12/28 03:11:37 [notice] 1#1: signal 17 (SIGCHLD) received from 28
2021/12/28 03:11:37 [notice] 1#1: worker process 28 exited with code 0
2021/12/28 03:11:37 [notice] 1#1: signal 29 (SIGIO) received
2021/12/28 03:11:37 [notice] 1#1: signal 17 (SIGCHLD) received from 26
2021/12/28 03:11:37 [notice] 1#1: worker process 25 exited with code 0
2021/12/28 03:11:37 [notice] 1#1: worker process 26 exited with code 0
2021/12/28 03:11:37 [notice] 1#1: signal 29 (SIGIO) received
2021/12/28 03:11:37 [notice] 1#1: signal 17 (SIGCHLD) received from 25
2021/12/28 03:11:37 [notice] 1#1: signal 17 (SIGCHLD) received from 27
2021/12/28 03:11:37 [notice] 1#1: worker process 27 exited with code 0
2021/12/28 03:11:37 [notice] 1#1: exit
2021/12/28 03:11:59 [notice] 1#1: using the "epoll" event method
2021/12/28 03:11:59 [notice] 1#1: nginx/1.21.3
2021/12/28 03:11:59 [notice] 1#1: built by gcc 8.3.0 (Debian 8.3.0-6) 
2021/12/28 03:11:59 [notice] 1#1: OS: Linux 5.10.47-linuxkit
2021/12/28 03:11:59 [notice] 1#1: getrlimit(RLIMIT_NOFILE): 1048576:1048576
2021/12/28 03:11:59 [notice] 1#1: start worker processes
2021/12/28 03:11:59 [notice] 1#1: start worker process 31
2021/12/28 03:11:59 [notice] 1#1: start worker process 32
2021/12/28 03:11:59 [notice] 1#1: start worker process 33
2021/12/28 03:11:59 [notice] 1#1: start worker process 34
2021/12/28 03:13:08 [notice] 1#1: signal 3 (SIGQUIT) received, shutting down
2021/12/28 03:13:08 [notice] 33#33: gracefully shutting down
2021/12/28 03:13:08 [notice] 32#32: gracefully shutting down
2021/12/28 03:13:08 [notice] 32#32: exiting
2021/12/28 03:13:08 [notice] 34#34: gracefully shutting down
2021/12/28 03:13:08 [notice] 34#34: exiting
2021/12/28 03:13:08 [notice] 31#31: gracefully shutting down
2021/12/28 03:13:08 [notice] 31#31: exiting
2021/12/28 03:13:08 [notice] 33#33: exiting
2021/12/28 03:13:08 [notice] 32#32: exit
2021/12/28 03:13:08 [notice] 34#34: exit
2021/12/28 03:13:08 [notice] 31#31: exit
2021/12/28 03:13:08 [notice] 33#33: exit
2021/12/28 03:13:08 [notice] 1#1: signal 17 (SIGCHLD) received from 34
2021/12/28 03:13:08 [notice] 1#1: worker process 34 exited with code 0
2021/12/28 03:13:08 [notice] 1#1: signal 17 (SIGCHLD) received from 32
2021/12/28 03:13:08 [notice] 1#1: worker process 32 exited with code 0
2021/12/28 03:13:08 [notice] 1#1: signal 29 (SIGIO) received
2021/12/28 03:13:08 [notice] 1#1: signal 17 (SIGCHLD) received from 31
2021/12/28 03:13:08 [notice] 1#1: worker process 31 exited with code 0
2021/12/28 03:13:08 [notice] 1#1: worker process 33 exited with code 0
2021/12/28 03:13:08 [notice] 1#1: signal 17 (SIGCHLD) received from 33
2021/12/28 03:13:08 [notice] 1#1: signal 29 (SIGIO) received
2021/12/28 03:13:08 [notice] 1#1: exit
2021/12/28 03:16:21 [notice] 1#1: using the "epoll" event method
2021/12/28 03:16:21 [notice] 1#1: nginx/1.21.3
2021/12/28 03:16:21 [notice] 1#1: built by gcc 8.3.0 (Debian 8.3.0-6) 
2021/12/28 03:16:21 [notice] 1#1: OS: Linux 5.10.47-linuxkit
2021/12/28 03:16:21 [notice] 1#1: getrlimit(RLIMIT_NOFILE): 1048576:1048576
2021/12/28 03:16:21 [notice] 1#1: start worker processes
2021/12/28 03:16:21 [notice] 1#1: start worker process 33
2021/12/28 03:16:21 [notice] 1#1: start worker process 34
2021/12/28 03:16:21 [notice] 1#1: start worker process 35
2021/12/28 03:16:21 [notice] 1#1: start worker process 36
